<?xml version="1.0" encoding="UTF-8" ?>
<testsuite tests="4" failures="0" name="util.ClassUtilTest" time="0.014" errors="0" skipped="0">
  <properties>
    <property name="java.runtime.name" value="Java(TM) SE Runtime Environment"/>
    <property name="sun.boot.library.path" value="E:\JAVA\Java JDK\jre\bin"/>
    <property name="java.vm.version" value="25.144-b01"/>
    <property name="java.vm.vendor" value="Oracle Corporation"/>
    <property name="maven.multiModuleProjectDirectory" value="E:\JAVA\Eclipse\smart-framework"/>
    <property name="java.vendor.url" value="http://java.oracle.com/"/>
    <property name="path.separator" value=";"/>
    <property name="guice.disable.misplaced.annotation.check" value="true"/>
    <property name="java.vm.name" value="Java HotSpot(TM) 64-Bit Server VM"/>
    <property name="file.encoding.pkg" value="sun.io"/>
    <property name="user.script" value=""/>
    <property name="user.country" value="CN"/>
    <property name="sun.java.launcher" value="SUN_STANDARD"/>
    <property name="sun.os.patch.level" value=""/>
    <property name="java.vm.specification.name" value="Java Virtual Machine Specification"/>
    <property name="user.dir" value="E:\JAVA\Eclipse\smart-framework"/>
    <property name="java.runtime.version" value="1.8.0_144-b01"/>
    <property name="java.awt.graphicsenv" value="sun.awt.Win32GraphicsEnvironment"/>
    <property name="java.endorsed.dirs" value="E:\JAVA\Java JDK\jre\lib\endorsed"/>
    <property name="os.arch" value="amd64"/>
    <property name="java.io.tmpdir" value="C:\Users\Drajun\AppData\Local\Temp\"/>
    <property name="line.separator" value="
"/>
    <property name="java.vm.specification.vendor" value="Oracle Corporation"/>
    <property name="user.variant" value=""/>
    <property name="os.name" value="Windows 10"/>
    <property name="classworlds.conf" value="E:\JAVA\Eclipse\工作空间\.metadata\.plugins\org.eclipse.m2e.launching\launches\m2conf2703654513372026665.tmp"/>
    <property name="sun.jnu.encoding" value="GBK"/>
    <property name="java.library.path" value="E:\JAVA\Java JDK\bin;C:\Windows\Sun\Java\bin;C:\Windows\system32;C:\Windows;E:/JAVA/Java JDK/bin/../jre/bin/server;E:/JAVA/Java JDK/bin/../jre/bin;E:/JAVA/Java JDK/bin/../jre/lib/amd64;E:\Nexus\nexus-2.14.4-03\bin;E:\Maven\apache-maven\bin;C:\Program Files\MySQL\MySQL Server 5.7\bin;E:\JAVA\Java JDK\bin;C:\ProgramData\Oracle\Java\javapath;C:\Windows\system32;C:\Windows;C:\Windows\System32\Wbem;C:\Windows\System32\WindowsPowerShell\v1.0\;C:\Windows\system32\config\systemprofile\.dnx\bin;C:\Program Files\Microsoft DNX\Dnvm\;C:\Program Files\Microsoft SQL Server\130\Tools\Binn\;C:\Program Files\Microsoft SQL Server\120\Tools\Binn\;C:\Program Files\Microsoft SQL Server\Client SDK\ODBC\110\Tools\Binn\;C:\Program Files (x86)\Microsoft SQL Server\120\Tools\Binn\;C:\Program Files\Microsoft SQL Server\120\DTS\Binn\;C:\Program Files (x86)\Microsoft SQL Server\120\Tools\Binn\ManagementStudio\;C:\Program Files (x86)\Microsoft SQL Server\120\DTS\Binn\;E:\Git\Git\cmd;C:\Users\Drajun\Desktop;;."/>
    <property name="java.specification.name" value="Java Platform API Specification"/>
    <property name="java.class.version" value="52.0"/>
    <property name="sun.management.compiler" value="HotSpot 64-Bit Tiered Compilers"/>
    <property name="os.version" value="10.0"/>
    <property name="user.home" value="C:\Users\Drajun"/>
    <property name="user.timezone" value="Asia/Shanghai"/>
    <property name="java.awt.printerjob" value="sun.awt.windows.WPrinterJob"/>
    <property name="java.specification.version" value="1.8"/>
    <property name="file.encoding" value="UTF-8"/>
    <property name="user.name" value="Drajun"/>
    <property name="java.class.path" value="E:\Maven\apache-maven\boot\plexus-classworlds-2.5.2.jar"/>
    <property name="java.vm.specification.version" value="1.8"/>
    <property name="sun.arch.data.model" value="64"/>
    <property name="java.home" value="E:\JAVA\Java JDK\jre"/>
    <property name="sun.java.command" value="org.codehaus.plexus.classworlds.launcher.Launcher -B -s E:\JAVA\MavenLocalRepository\settings.xml clean install"/>
    <property name="java.specification.vendor" value="Oracle Corporation"/>
    <property name="user.language" value="zh"/>
    <property name="awt.toolkit" value="sun.awt.windows.WToolkit"/>
    <property name="java.vm.info" value="mixed mode"/>
    <property name="java.version" value="1.8.0_144"/>
    <property name="java.ext.dirs" value="E:\JAVA\Java JDK\jre\lib\ext;C:\Windows\Sun\Java\lib\ext"/>
    <property name="sun.boot.class.path" value="E:\JAVA\Java JDK\jre\lib\resources.jar;E:\JAVA\Java JDK\jre\lib\rt.jar;E:\JAVA\Java JDK\jre\lib\sunrsasign.jar;E:\JAVA\Java JDK\jre\lib\jsse.jar;E:\JAVA\Java JDK\jre\lib\jce.jar;E:\JAVA\Java JDK\jre\lib\charsets.jar;E:\JAVA\Java JDK\jre\lib\jfr.jar;E:\JAVA\Java JDK\jre\classes"/>
    <property name="java.vendor" value="Oracle Corporation"/>
    <property name="maven.home" value="E:\Maven\apache-maven"/>
    <property name="file.separator" value="\"/>
    <property name="java.vendor.url.bug" value="http://bugreport.sun.com/bugreport/"/>
    <property name="sun.cpu.endian" value="little"/>
    <property name="sun.io.unicode.encoding" value="UnicodeLittle"/>
    <property name="sun.desktop" value="windows"/>
    <property name="sun.cpu.isalist" value="amd64"/>
  </properties>
  <testcase classname="util.ClassUtilTest" name="getClassSetTestWithfailInput" time="0"/>
  <testcase classname="util.ClassUtilTest" name="getClassSetTest" time="0.012"/>
  <testcase classname="util.ClassUtilTest" name="getClassLoaderTest" time="0.001"/>
  <testcase classname="util.ClassUtilTest" name="loadClassTest" time="0.001"/>
</testsuite>